#
# There is insufficient memory for the Java Runtime Environment to continue.
# Native memory allocation (mmap) failed to map 4128768 bytes for G1 virtual space
# Possible reasons:
#   The system is out of physical RAM or swap space
#   The process is running with CompressedOops enabled, and the Java Heap may be blocking the growth of the native heap
# Possible solutions:
#   Reduce memory load on the system
#   Increase physical memory or swap space
#   Check if swap backing store is full
#   Decrease Java heap size (-Xmx/-Xms)
#   Decrease number of Java threads
#   Decrease Java thread stack sizes (-Xss)
#   Set larger code cache with -XX:ReservedCodeCacheSize=
#   JVM is running with Zero Based Compressed Oops mode in which the Java heap is
#     placed in the first 32GB address space. The Java Heap base address is the
#     maximum limit for the native heap growth. Please use -XX:HeapBaseMinAddress
#     to set the Java Heap base and to place the Java Heap above 32GB virtual address.
# This output file may be truncated or incomplete.
#
#  Out of Memory Error (os_windows.cpp:3535), pid=10700, tid=19660
#
# JRE version:  (17.0.3+7) (build )
# Java VM: OpenJDK 64-Bit Server VM (17.0.3+7, mixed mode, sharing, tiered, compressed oops, compressed class ptrs, g1 gc, windows-amd64)
# No core dump will be written. Minidumps are not enabled by default on client versions of Windows
#

---------------  S U M M A R Y ------------

Command Line: -ea -Dfile.encoding=UTF-8 -XX:+ShowCodeDetailsInExceptionMessages org.testng.remote.RemoteTestNG -serport 63567 -protocol json -d D:\RingPay\RingPay_APIAutomation\modified_RingPay\modified\test-output D:\RingPay\RingPay_APIAutomation\modified_RingPay\modified\RingPay.xml

Host: 11th Gen Intel(R) Core(TM) i5-1135G7 @ 2.40GHz, 8 cores, 15G,  Windows 10 , 64 bit Build 19041 (10.0.19041.2251)
Time: Thu Dec  1 17:20:06 2022 India Standard Time elapsed time: 0.050830 seconds (0d 0h 0m 0s)

---------------  T H R E A D  ---------------

Current thread (0x0000012527d8e7e0):  JavaThread "Unknown thread" [_thread_in_vm, id=19660, stack(0x000000175cf00000,0x000000175d000000)]

Stack: [0x000000175cf00000,0x000000175d000000]
Native frames: (J=compiled Java code, j=interpreted, Vv=VM code, C=native code)
V  [jvm.dll+0x675efa]
V  [jvm.dll+0x830a24]
V  [jvm.dll+0x8321ce]
V  [jvm.dll+0x832833]
V  [jvm.dll+0x2454b5]
V  [jvm.dll+0x672de9]
V  [jvm.dll+0x667732]
V  [jvm.dll+0x3043ab]
V  [jvm.dll+0x30b8f6]
V  [jvm.dll+0x35b658]
V  [jvm.dll+0x35b85f]
V  [jvm.dll+0x2db248]
V  [jvm.dll+0x2dc1b4]
V  [jvm.dll+0x802651]
V  [jvm.dll+0x3693b1]
V  [jvm.dll+0x7e1aac]
V  [jvm.dll+0x3ebd8f]
V  [jvm.dll+0x3ed911]
C  [jli.dll+0x5277]
C  [ucrtbase.dll+0x21bb2]
C  [KERNEL32.DLL+0x174b4]
C  [ntdll.dll+0x526a1]


---------------  P R O C E S S  ---------------

Threads class SMR info:
_java_thread_list=0x00007ff9f64e6e98, length=0, elements={
}

Java Threads: ( => current thread )

Other Threads:
  0x0000012529ef1860 GCTaskThread "GC Thread#0" [stack: 0x000000175d000000,0x000000175d100000] [id=11968]
  0x0000012529f03a10 ConcurrentGCThread "G1 Main Marker" [stack: 0x000000175d100000,0x000000175d200000] [id=14936]
  0x0000012529f04420 ConcurrentGCThread "G1 Conc#0" [stack: 0x000000175d200000,0x000000175d300000] [id=3736]

[error occurred during error reporting (printing all threads), id 0xc0000005, EXCEPTION_ACCESS_VIOLATION (0xc0000005) at pc=0x00007ff9f5cbbcd7]

VM state: not at safepoint (not fully initialized)

VM Mutex/Monitor currently owned by a thread:  ([mutex/lock_event])
[0x0000012527d8ad80] Heap_lock - owner thread: 0x0000012527d8e7e0

Heap address: 0x0000000705400000, size: 4012 MB, Compressed Oops mode: Zero based, Oop shift amount: 3

CDS archive(s) mapped at: [0x0000000000000000-0x0000000000000000-0x0000000000000000), size 0, SharedBaseAddress: 0x0000000800000000, ArchiveRelocationMode: 0.
Narrow klass base: 0x0000000000000000, Narrow klass shift: 0, Narrow klass range: 0x0

GC Precious Log:
<Empty>

Heap:
 garbage-first heap   total 0K, used 0K [0x0000000705400000, 0x0000000800000000)
  region size 2048K, 0 young (0K), 0 survivors (0K)

[error occurred during error reporting (printing heap information), id 0xc0000005, EXCEPTION_ACCESS_VIOLATION (0xc0000005) at pc=0x00007ff9f609f249]

GC Heap History (0 events):
No events

Deoptimization events (0 events):
No events

Classes unloaded (0 events):
No events

Classes redefined (0 events):
No events

Internal exceptions (0 events):
No events

VM Operations (0 events):
No events

Events (1 events):
Event: 0.006 Loaded shared library C:\Users\IGS0425\.p2\pool\plugins\org.eclipse.justj.openjdk.hotspot.jre.full.win32.x86_64_17.0.3.v20220515-1416\jre\bin\java.dll


Dynamic libraries:
0x00007ff710be0000 - 0x00007ff710bee000 	C:\Users\IGS0425\.p2\pool\plugins\org.eclipse.justj.openjdk.hotspot.jre.full.win32.x86_64_17.0.3.v20220515-1416\jre\bin\javaw.exe
0x00007ffa4d5d0000 - 0x00007ffa4d7c8000 	C:\Windows\SYSTEM32\ntdll.dll
0x00007ffa4b620000 - 0x00007ffa4b6df000 	C:\Windows\System32\KERNEL32.DLL
0x00007ffa4aea0000 - 0x00007ffa4b172000 	C:\Windows\System32\KERNELBASE.dll
0x00007ffa4b330000 - 0x00007ffa4b430000 	C:\Windows\System32\ucrtbase.dll
0x00007ffa42dc0000 - 0x00007ffa42dd9000 	C:\Users\IGS0425\.p2\pool\plugins\org.eclipse.justj.openjdk.hotspot.jre.full.win32.x86_64_17.0.3.v20220515-1416\jre\bin\VCRUNTIME140.dll
0x00007ffa42de0000 - 0x00007ffa42df8000 	C:\Users\IGS0425\.p2\pool\plugins\org.eclipse.justj.openjdk.hotspot.jre.full.win32.x86_64_17.0.3.v20220515-1416\jre\bin\jli.dll
0x00007ffa4cee0000 - 0x00007ffa4d07d000 	C:\Windows\System32\USER32.dll
0x00007ffa4ae20000 - 0x00007ffa4ae42000 	C:\Windows\System32\win32u.dll
0x00007ffa3b980000 - 0x00007ffa3bc1a000 	C:\Windows\WinSxS\amd64_microsoft.windows.common-controls_6595b64144ccf1df_6.0.19041.1110_none_60b5254171f9507e\COMCTL32.dll
0x00007ffa4d560000 - 0x00007ffa4d58b000 	C:\Windows\System32\GDI32.dll
0x00007ffa4cc40000 - 0x00007ffa4ccde000 	C:\Windows\System32\msvcrt.dll
0x00007ffa4b220000 - 0x00007ffa4b32f000 	C:\Windows\System32\gdi32full.dll
0x00007ffa4ad80000 - 0x00007ffa4ae1d000 	C:\Windows\System32\msvcp_win.dll
0x00007ffa4c8a0000 - 0x00007ffa4c8d2000 	C:\Windows\System32\IMM32.DLL
0x00007ffa41f50000 - 0x00007ffa41f5c000 	C:\Users\IGS0425\.p2\pool\plugins\org.eclipse.justj.openjdk.hotspot.jre.full.win32.x86_64_17.0.3.v20220515-1416\jre\bin\vcruntime140_1.dll
0x00007ffa1c680000 - 0x00007ffa1c711000 	C:\Users\IGS0425\.p2\pool\plugins\org.eclipse.justj.openjdk.hotspot.jre.full.win32.x86_64_17.0.3.v20220515-1416\jre\bin\msvcp140.dll
0x00007ff9f59d0000 - 0x00007ff9f6618000 	C:\Users\IGS0425\.p2\pool\plugins\org.eclipse.justj.openjdk.hotspot.jre.full.win32.x86_64_17.0.3.v20220515-1416\jre\bin\server\jvm.dll
0x00007ffa4c2d0000 - 0x00007ffa4c37e000 	C:\Windows\System32\ADVAPI32.dll
0x00007ffa4bae0000 - 0x00007ffa4bb7c000 	C:\Windows\System32\sechost.dll
0x00007ffa4c990000 - 0x00007ffa4cab5000 	C:\Windows\System32\RPCRT4.dll
0x00007ffa4c530000 - 0x00007ffa4c538000 	C:\Windows\System32\PSAPI.DLL
0x00007ffa23140000 - 0x00007ffa23167000 	C:\Windows\SYSTEM32\WINMM.dll
0x00007ffa2ac10000 - 0x00007ffa2ac19000 	C:\Windows\SYSTEM32\WSOCK32.dll
0x00007ffa43940000 - 0x00007ffa4394a000 	C:\Windows\SYSTEM32\VERSION.dll
0x00007ffa4d080000 - 0x00007ffa4d0eb000 	C:\Windows\System32\WS2_32.dll
0x00007ffa494e0000 - 0x00007ffa494f2000 	C:\Windows\SYSTEM32\kernel.appcore.dll
0x00007ffa42f60000 - 0x00007ffa42f6a000 	C:\Users\IGS0425\.p2\pool\plugins\org.eclipse.justj.openjdk.hotspot.jre.full.win32.x86_64_17.0.3.v20220515-1416\jre\bin\jimage.dll
0x00007ffa48b30000 - 0x00007ffa48d14000 	C:\Windows\SYSTEM32\DBGHELP.DLL
0x00007ffa2fa00000 - 0x00007ffa2fa2c000 	C:\Windows\SYSTEM32\dbgcore.DLL
0x00007ffa4b590000 - 0x00007ffa4b612000 	C:\Windows\System32\bcryptPrimitives.dll
0x00007ffa421a0000 - 0x00007ffa421c5000 	C:\Users\IGS0425\.p2\pool\plugins\org.eclipse.justj.openjdk.hotspot.jre.full.win32.x86_64_17.0.3.v20220515-1416\jre\bin\java.dll

dbghelp: loaded successfully - version: 4.0.5 - missing functions: none
symbol engine: initialized successfully - sym options: 0x614 - pdb path: .;C:\Users\IGS0425\.p2\pool\plugins\org.eclipse.justj.openjdk.hotspot.jre.full.win32.x86_64_17.0.3.v20220515-1416\jre\bin;C:\Windows\SYSTEM32;C:\Windows\WinSxS\amd64_microsoft.windows.common-controls_6595b64144ccf1df_6.0.19041.1110_none_60b5254171f9507e;C:\Users\IGS0425\.p2\pool\plugins\org.eclipse.justj.openjdk.hotspot.jre.full.win32.x86_64_17.0.3.v20220515-1416\jre\bin\server

VM Arguments:
jvm_args: -ea -Dfile.encoding=UTF-8 -XX:+ShowCodeDetailsInExceptionMessages 
java_command: org.testng.remote.RemoteTestNG -serport 63567 -protocol json -d D:\RingPay\RingPay_APIAutomation\modified_RingPay\modified\test-output D:\RingPay\RingPay_APIAutomation\modified_RingPay\modified\RingPay.xml
java_class_path (initial): C:\Users\IGS0425\eclipse\java-2022-06\eclipse\configuration\org.eclipse.osgi\447\0\.cp\lib\testng-remote.jar;D:\RingPay\RingPay_APIAutomation\modified_RingPay\modified\target\test-classes;D:\RingPay\RingPay_APIAutomation\modified_RingPay\modified\target\classes;C:\Users\IGS0425\.m2\repository\io\appium\java-client\7.2.0\java-client-7.2.0.jar;C:\Users\IGS0425\.m2\repository\org\seleniumhq\selenium\selenium-support\3.141.59\selenium-support-3.141.59.jar;C:\Users\IGS0425\.m2\repository\org\seleniumhq\selenium\selenium-api\3.141.59\selenium-api-3.141.59.jar;C:\Users\IGS0425\.m2\repository\com\google\code\gson\gson\2.8.5\gson-2.8.5.jar;C:\Users\IGS0425\.m2\repository\org\apache\httpcomponents\httpclient\4.5.9\httpclient-4.5.9.jar;C:\Users\IGS0425\.m2\repository\cglib\cglib\3.2.12\cglib-3.2.12.jar;C:\Users\IGS0425\.m2\repository\org\ow2\asm\asm\7.1\asm-7.1.jar;C:\Users\IGS0425\.m2\repository\commons-io\commons-io\2.6\commons-io-2.6.jar;C:\Users\IGS0425\.m2\repository\org\springframework\spring-context\5.1.8.RELEASE\spring-context-5.1.8.RELEASE.jar;C:\Users\IGS0425\.m2\repository\org\springframework\spring-aop\5.1.8.RELEASE\spring-aop-5.1.8.RELEASE.jar;C:\Users\IGS0425\.m2\repository\org\springframework\spring-beans\5.1.8.RELEASE\spring-beans-5.1.8.RELEASE.jar;C:\Users\IGS0425\.m2\repository\org\springframework\spring-core\5.1.8.RELEASE\spring-core-5.1.8.RELEASE.jar;C:\Users\IGS0425\.m2\repository\org\springframework\spring-jcl\5.1.8.RELEASE\spring-jcl-5.1.8.RELEASE.jar;C:\Users\IGS0425\.m2\repository\org\springframework\spring-expression\5.1.8.RELEASE\spring-expression-5.1.8.RELEASE.jar;C:\Users\IGS0425\.m2\repository\org\aspectj\aspectjweaver\1.9.4\aspectjweaver-1.9.4.jar;C:\Users\IGS0425\.m2\repository\org\slf4j\slf4j-api\1.7.26\slf4j-api-1.7.26.jar;C:\Users\IGS0425\.m2\repository\org\seleniumhq\selenium\selenium-java\3.141.59\selenium-java-3.141.59.jar;C:\Users\IGS0425\.m2\repository\org\seleniumhq\selenium\selenium-chrome-driver\3.141.59\s
Launcher Type: SUN_STANDARD

[Global flags]
     intx CICompilerCount                          = 4                                         {product} {ergonomic}
     uint ConcGCThreads                            = 2                                         {product} {ergonomic}
     uint G1ConcRefinementThreads                  = 8                                         {product} {ergonomic}
   size_t G1HeapRegionSize                         = 2097152                                   {product} {ergonomic}
    uintx GCDrainStackTargetSize                   = 64                                        {product} {ergonomic}
   size_t InitialHeapSize                          = 264241152                                 {product} {ergonomic}
   size_t MarkStackSize                            = 4194304                                   {product} {ergonomic}
   size_t MaxHeapSize                              = 4206886912                                {product} {ergonomic}
   size_t MinHeapDeltaBytes                        = 2097152                                   {product} {ergonomic}
   size_t MinHeapSize                              = 8388608                                   {product} {ergonomic}
    uintx NonNMethodCodeHeapSize                   = 5839372                                {pd product} {ergonomic}
    uintx NonProfiledCodeHeapSize                  = 122909434                              {pd product} {ergonomic}
    uintx ProfiledCodeHeapSize                     = 122909434                              {pd product} {ergonomic}
    uintx ReservedCodeCacheSize                    = 251658240                              {pd product} {ergonomic}
     bool SegmentedCodeCache                       = true                                      {product} {ergonomic}
     bool ShowCodeDetailsInExceptionMessages       = true                                   {manageable} {command line}
   size_t SoftMaxHeapSize                          = 4206886912                             {manageable} {ergonomic}
     bool UseCompressedClassPointers               = true                           {product lp64_product} {ergonomic}
     bool UseCompressedOops                        = true                           {product lp64_product} {ergonomic}
     bool UseG1GC                                  = true                                      {product} {ergonomic}
     bool UseLargePagesIndividualAllocation        = false                                  {pd product} {ergonomic}

Logging:
Log output configuration:
 #0: stdout all=warning uptime,level,tags
 #1: stderr all=off uptime,level,tags

Environment Variables:
JAVA_HOME=C:\Program Files\Java\jdk1.8.0_202
PATH=C:/Users/IGS0425/.p2/pool/plugins/org.eclipse.justj.openjdk.hotspot.jre.full.win32.x86_64_17.0.3.v20220515-1416/jre/bin/server;C:/Users/IGS0425/.p2/pool/plugins/org.eclipse.justj.openjdk.hotspot.jre.full.win32.x86_64_17.0.3.v20220515-1416/jre/bin;C:\Program Files (x86)\Common Files\Oracle\Java\javapath;C:\Windows\system32;C:\Windows;C:\Windows\System32\Wbem;C:\Windows\System32\WindowsPowerShell\v1.0\;C:\Windows\System32\OpenSSH\;C:\Program Files\nodejs\;C:\Program Files\Git\cmd;C:\Program Files\apache-maven-3.8.6\bin;C:\Users\IGS0425\AppData\Local\Microsoft\WindowsApps;C:\Program Files\JetBrains\IntelliJ IDEA Community Edition 2022.1.3\bin;;C:\Users\IGS0425\AppData\Roaming\npm;C:\Program Files\Java\jdk1.8.0_202\bin;;C:\Windows\system32;
USERNAME=IGS0425
OS=Windows_NT
PROCESSOR_IDENTIFIER=Intel64 Family 6 Model 140 Stepping 1, GenuineIntel



---------------  S Y S T E M  ---------------

OS:
 Windows 10 , 64 bit Build 19041 (10.0.19041.2251)
OS uptime: 2 days 1:16 hours
Hyper-V role detected

CPU: total 8 (initial active 8) (4 cores per cpu, 2 threads per core) family 6 model 140 stepping 1 microcode 0x9a, cx8, cmov, fxsr, ht, mmx, 3dnowpref, sse, sse2, sse3, ssse3, sse4.1, sse4.2, popcnt, lzcnt, tsc, tscinvbit, avx, avx2, aes, erms, clmul, bmi1, bmi2, adx, avx512f, avx512dq, avx512cd, avx512bw, avx512vl, sha, fma, vzeroupper, avx512_vpopcntdq, avx512_vpclmulqdq, avx512_vaes, avx512_vnni, clflush, clflushopt, clwb, avx512_vbmi2, avx512_vbmi, hv

Memory: 4k page, system-wide physical 16043M (1552M free)
TotalPageFile size 16043M (AvailPageFile size 7M)
current process WorkingSet (physical memory assigned to process): 10M, peak: 10M
current process commit charge ("private bytes"): 316M, peak: 320M

vm_info: OpenJDK 64-Bit Server VM (17.0.3+7) for windows-amd64 JRE (17.0.3+7), built on Apr 19 2022 16:55:35 by "" with MS VC++ 16.7 (VS2019)

END.
