#
# There is insufficient memory for the Java Runtime Environment to continue.
# Native memory allocation (malloc) failed to allocate 32744 bytes for ChunkPool::allocate
# Possible reasons:
#   The system is out of physical RAM or swap space
#   The process is running with CompressedOops enabled, and the Java Heap may be blocking the growth of the native heap
# Possible solutions:
#   Reduce memory load on the system
#   Increase physical memory or swap space
#   Check if swap backing store is full
#   Decrease Java heap size (-Xmx/-Xms)
#   Decrease number of Java threads
#   Decrease Java thread stack sizes (-Xss)
#   Set larger code cache with -XX:ReservedCodeCacheSize=
#   JVM is running with Zero Based Compressed Oops mode in which the Java heap is
#     placed in the first 32GB address space. The Java Heap base address is the
#     maximum limit for the native heap growth. Please use -XX:HeapBaseMinAddress
#     to set the Java Heap base and to place the Java Heap above 32GB virtual address.
# This output file may be truncated or incomplete.
#
#  Out of Memory Error (arena.cpp:78), pid=1736, tid=13068
#
# JRE version: OpenJDK Runtime Environment Temurin-17.0.3+7 (17.0.3+7) (build 17.0.3+7)
# Java VM: OpenJDK 64-Bit Server VM Temurin-17.0.3+7 (17.0.3+7, mixed mode, tiered, compressed oops, compressed class ptrs, g1 gc, windows-amd64)
# No core dump will be written. Minidumps are not enabled by default on client versions of Windows
#

---------------  S U M M A R Y ------------

Command Line: -ea -Dfile.encoding=UTF-8 -XX:+ShowCodeDetailsInExceptionMessages org.testng.remote.RemoteTestNG -serport 52250 -protocol json -d D:\RingPay\RingPay_APIAutomation\modified_RingPay\modified\test-output D:\RingPay\RingPay_APIAutomation\modified_RingPay\modified\RingPay.xml

Host: 11th Gen Intel(R) Core(TM) i5-1135G7 @ 2.40GHz, 8 cores, 15G,  Windows 10 , 64 bit Build 19041 (10.0.19041.2251)
Time: Mon Nov 21 13:40:50 2022 India Standard Time elapsed time: 0.365967 seconds (0d 0h 0m 0s)

---------------  T H R E A D  ---------------

Current thread (0x000001f325c8e960):  JavaThread "C1 CompilerThread0" daemon [_thread_in_native, id=13068, stack(0x0000003260d00000,0x0000003260e00000)]


Current CompileTask:
C1:    366  465       3       java.net.URL::<init> (438 bytes)

Stack: [0x0000003260d00000,0x0000003260e00000]
Native frames: (J=compiled Java code, j=interpreted, Vv=VM code, C=native code)
V  [jvm.dll+0x675efa]
V  [jvm.dll+0x830a24]
V  [jvm.dll+0x8321ce]
V  [jvm.dll+0x832833]
V  [jvm.dll+0x2454b5]
V  [jvm.dll+0xabfc0]
V  [jvm.dll+0xac30c]
V  [jvm.dll+0xb79dd]
V  [jvm.dll+0x15f44f]
V  [jvm.dll+0x15d72e]
V  [jvm.dll+0x14ba30]
V  [jvm.dll+0x1346b7]
V  [jvm.dll+0x13403f]
V  [jvm.dll+0x134276]
V  [jvm.dll+0x13370a]
V  [jvm.dll+0x1353d1]
V  [jvm.dll+0x227178]
V  [jvm.dll+0x2252bc]
V  [jvm.dll+0x7e673b]
V  [jvm.dll+0x7e0cfa]
V  [jvm.dll+0x674d85]
C  [ucrtbase.dll+0x21bb2]
C  [KERNEL32.DLL+0x174b4]
C  [ntdll.dll+0x526a1]


---------------  P R O C E S S  ---------------

Threads class SMR info:
_java_thread_list=0x000001f3262e7d20, length=13, elements={
0x000001f325c5c010, 0x000001f325c5c8d0, 0x000001f325c2d490, 0x000001f325c2dd50,
0x000001f325c2e700, 0x000001f325c2f0b0, 0x000001f325c8d850, 0x000001f325c8e960,
0x000001f325ca1a40, 0x000001f325f3bf30, 0x000001f325f5c0f0, 0x000001f325f496e0,
0x000001f306a354d0
}

Java Threads: ( => current thread )
  0x000001f325c5c010 JavaThread "Reference Handler" daemon [_thread_blocked, id=3608, stack(0x0000003260600000,0x0000003260700000)]
  0x000001f325c5c8d0 JavaThread "Finalizer" daemon [_thread_blocked, id=10332, stack(0x0000003260700000,0x0000003260800000)]
  0x000001f325c2d490 JavaThread "Signal Dispatcher" daemon [_thread_blocked, id=12188, stack(0x0000003260800000,0x0000003260900000)]
  0x000001f325c2dd50 JavaThread "Attach Listener" daemon [_thread_blocked, id=12500, stack(0x0000003260900000,0x0000003260a00000)]
  0x000001f325c2e700 JavaThread "Service Thread" daemon [_thread_blocked, id=13856, stack(0x0000003260a00000,0x0000003260b00000)]
  0x000001f325c2f0b0 JavaThread "Monitor Deflation Thread" daemon [_thread_blocked, id=14004, stack(0x0000003260b00000,0x0000003260c00000)]
  0x000001f325c8d850 JavaThread "C2 CompilerThread0" daemon [_thread_in_native, id=7436, stack(0x0000003260c00000,0x0000003260d00000)]
=>0x000001f325c8e960 JavaThread "C1 CompilerThread0" daemon [_thread_in_native, id=13068, stack(0x0000003260d00000,0x0000003260e00000)]
  0x000001f325ca1a40 JavaThread "Sweeper thread" daemon [_thread_blocked, id=7116, stack(0x0000003260e00000,0x0000003260f00000)]
  0x000001f325f3bf30 JavaThread "Notification Thread" daemon [_thread_blocked, id=10864, stack(0x0000003260f00000,0x0000003261000000)]
  0x000001f325f5c0f0 JavaThread "Common-Cleaner" daemon [_thread_blocked, id=4824, stack(0x0000003261100000,0x0000003261200000)]
  0x000001f325f496e0 JavaThread "C2 CompilerThread1" daemon [_thread_in_native, id=6128, stack(0x0000003261200000,0x0000003261300000)]
  0x000001f306a354d0 JavaThread "DestroyJavaVM" [_thread_in_vm, id=5692, stack(0x000000325ff00000,0x0000003260000000)]

Other Threads:
  0x000001f325c47140 VMThread "VM Thread" [stack: 0x0000003260500000,0x0000003260600000] [id=12144]
  0x000001f325f3c400 WatcherThread [stack: 0x0000003261000000,0x0000003261100000] [id=3756]
  0x000001f306a9f730 GCTaskThread "GC Thread#0" [stack: 0x0000003260000000,0x0000003260100000] [id=4020]
  0x000001f306ab0d50 ConcurrentGCThread "G1 Main Marker" [stack: 0x0000003260100000,0x0000003260200000] [id=3580]
  0x000001f306ab3720 ConcurrentGCThread "G1 Conc#0" [stack: 0x0000003260200000,0x0000003260300000] [id=3828]
  0x000001f3252444f0 ConcurrentGCThread "G1 Refine#0" [stack: 0x0000003260300000,0x0000003260400000] [id=12688]
  0x000001f325244e10 ConcurrentGCThread "G1 Service" [stack: 0x0000003260400000,0x0000003260500000] [id=12196]

Threads with active compile tasks:
C2 CompilerThread0      378  461       4       java.lang.StringLatin1::replace (198 bytes)
C1 CompilerThread0      378  465       3       java.net.URL::<init> (438 bytes)
C2 CompilerThread1      378  478 %     4       java.util.jar.JarFile::match @ 14 (132 bytes)

VM state: not at safepoint (normal execution)

VM Mutex/Monitor currently owned by a thread:  ([mutex/lock_event])
[0x000001f306a30e10] Metaspace_lock - owner thread: 0x000001f306a354d0

OutOfMemory and StackOverflow Exception counts:
OutOfMemoryError java_heap_errors=1

Heap address: 0x0000000705400000, size: 4012 MB, Compressed Oops mode: Zero based, Oop shift amount: 3

CDS archive(s) not mapped
Compressed class space mapped at: 0x0000000800000000-0x0000000840000000, reserved size: 1073741824
Narrow klass base: 0x0000000800000000, Narrow klass shift: 0, Narrow klass range: 0x40000000

GC Precious Log:
 CPUs: 8 total, 8 available
 Memory: 16043M
 Large Page Support: Disabled
 NUMA Support: Disabled
 Compressed Oops: Enabled (Zero based)
 Heap Region Size: 2M
 Heap Min Capacity: 8M
 Heap Initial Capacity: 252M
 Heap Max Capacity: 4012M
 Pre-touch: Disabled
 Parallel Workers: 8
 Concurrent Workers: 2
 Concurrent Refinement Workers: 8
 Periodic GC: Disabled

Heap:
 garbage-first heap   total 258048K, used 12288K [0x0000000705400000, 0x0000000800000000)
  region size 2048K, 8 young (16384K), 0 survivors (0K)
 Metaspace       used 7352K, committed 7488K, reserved 1056768K
  class space    used 631K, committed 704K, reserved 1048576K

Heap Regions: E=young(eden), S=young(survivor), O=old, HS=humongous(starts), HC=humongous(continues), CS=collection set, F=free, OA=open archive, CA=closed archive, TAMS=top-at-mark-start (previous, next)
|   0|0x0000000705400000, 0x0000000705400000, 0x0000000705600000|  0%| F|  |TAMS 0x0000000705400000, 0x0000000705400000| Untracked 
|   1|0x0000000705600000, 0x0000000705600000, 0x0000000705800000|  0%| F|  |TAMS 0x0000000705600000, 0x0000000705600000| Untracked 
|   2|0x0000000705800000, 0x0000000705800000, 0x0000000705a00000|  0%| F|  |TAMS 0x0000000705800000, 0x0000000705800000| Untracked 
|   3|0x0000000705a00000, 0x0000000705a00000, 0x0000000705c00000|  0%| F|  |TAMS 0x0000000705a00000, 0x0000000705a00000| Untracked 
|   4|0x0000000705c00000, 0x0000000705c00000, 0x0000000705e00000|  0%| F|  |TAMS 0x0000000705c00000, 0x0000000705c00000| Untracked 
|   5|0x0000000705e00000, 0x0000000705e00000, 0x0000000706000000|  0%| F|  |TAMS 0x0000000705e00000, 0x0000000705e00000| Untracked 
|   6|0x0000000706000000, 0x0000000706000000, 0x0000000706200000|  0%| F|  |TAMS 0x0000000706000000, 0x0000000706000000| Untracked 
|   7|0x0000000706200000, 0x0000000706200000, 0x0000000706400000|  0%| F|  |TAMS 0x0000000706200000, 0x0000000706200000| Untracked 
|   8|0x0000000706400000, 0x0000000706400000, 0x0000000706600000|  0%| F|  |TAMS 0x0000000706400000, 0x0000000706400000| Untracked 
|   9|0x0000000706600000, 0x0000000706600000, 0x0000000706800000|  0%| F|  |TAMS 0x0000000706600000, 0x0000000706600000| Untracked 
|  10|0x0000000706800000, 0x0000000706800000, 0x0000000706a00000|  0%| F|  |TAMS 0x0000000706800000, 0x0000000706800000| Untracked 
|  11|0x0000000706a00000, 0x0000000706a00000, 0x0000000706c00000|  0%| F|  |TAMS 0x0000000706a00000, 0x0000000706a00000| Untracked 
|  12|0x0000000706c00000, 0x0000000706c00000, 0x0000000706e00000|  0%| F|  |TAMS 0x0000000706c00000, 0x0000000706c00000| Untracked 
|  13|0x0000000706e00000, 0x0000000706e00000, 0x0000000707000000|  0%| F|  |TAMS 0x0000000706e00000, 0x0000000706e00000| Untracked 
|  14|0x0000000707000000, 0x0000000707000000, 0x0000000707200000|  0%| F|  |TAMS 0x0000000707000000, 0x0000000707000000| Untracked 
|  15|0x0000000707200000, 0x0000000707200000, 0x0000000707400000|  0%| F|  |TAMS 0x0000000707200000, 0x0000000707200000| Untracked 
|  16|0x0000000707400000, 0x0000000707400000, 0x0000000707600000|  0%| F|  |TAMS 0x0000000707400000, 0x0000000707400000| Untracked 
|  17|0x0000000707600000, 0x0000000707600000, 0x0000000707800000|  0%| F|  |TAMS 0x0000000707600000, 0x0000000707600000| Untracked 
|  18|0x0000000707800000, 0x0000000707800000, 0x0000000707a00000|  0%| F|  |TAMS 0x0000000707800000, 0x0000000707800000| Untracked 
|  19|0x0000000707a00000, 0x0000000707a00000, 0x0000000707c00000|  0%| F|  |TAMS 0x0000000707a00000, 0x0000000707a00000| Untracked 
|  20|0x0000000707c00000, 0x0000000707c00000, 0x0000000707e00000|  0%| F|  |TAMS 0x0000000707c00000, 0x0000000707c00000| Untracked 
|  21|0x0000000707e00000, 0x0000000707e00000, 0x0000000708000000|  0%| F|  |TAMS 0x0000000707e00000, 0x0000000707e00000| Untracked 
|  22|0x0000000708000000, 0x0000000708000000, 0x0000000708200000|  0%| F|  |TAMS 0x0000000708000000, 0x0000000708000000| Untracked 
|  23|0x0000000708200000, 0x0000000708200000, 0x0000000708400000|  0%| F|  |TAMS 0x0000000708200000, 0x0000000708200000| Untracked 
|  24|0x0000000708400000, 0x0000000708400000, 0x0000000708600000|  0%| F|  |TAMS 0x0000000708400000, 0x0000000708400000| Untracked 
|  25|0x0000000708600000, 0x0000000708600000, 0x0000000708800000|  0%| F|  |TAMS 0x0000000708600000, 0x0000000708600000| Untracked 
|  26|0x0000000708800000, 0x0000000708800000, 0x0000000708a00000|  0%| F|  |TAMS 0x0000000708800000, 0x0000000708800000| Untracked 
|  27|0x0000000708a00000, 0x0000000708a00000, 0x0000000708c00000|  0%| F|  |TAMS 0x0000000708a00000, 0x0000000708a00000| Untracked 
|  28|0x0000000708c00000, 0x0000000708c00000, 0x0000000708e00000|  0%| F|  |TAMS 0x0000000708c00000, 0x0000000708c00000| Untracked 
|  29|0x0000000708e00000, 0x0000000708e00000, 0x0000000709000000|  0%| F|  |TAMS 0x0000000708e00000, 0x0000000708e00000| Untracked 
|  30|0x0000000709000000, 0x0000000709000000, 0x0000000709200000|  0%| F|  |TAMS 0x0000000709000000, 0x0000000709000000| Untracked 
|  31|0x0000000709200000, 0x0000000709200000, 0x0000000709400000|  0%| F|  |TAMS 0x0000000709200000, 0x0000000709200000| Untracked 
|  32|0x0000000709400000, 0x0000000709400000, 0x0000000709600000|  0%| F|  |TAMS 0x0000000709400000, 0x0000000709400000| Untracked 
|  33|0x0000000709600000, 0x0000000709600000, 0x0000000709800000|  0%| F|  |TAMS 0x0000000709600000, 0x0000000709600000| Untracked 
|  34|0x0000000709800000, 0x0000000709800000, 0x0000000709a00000|  0%| F|  |TAMS 0x0000000709800000, 0x0000000709800000| Untracked 
|  35|0x0000000709a00000, 0x0000000709a00000, 0x0000000709c00000|  0%| F|  |TAMS 0x0000000709a00000, 0x0000000709a00000| Untracked 
|  36|0x0000000709c00000, 0x0000000709c00000, 0x0000000709e00000|  0%| F|  |TAMS 0x0000000709c00000, 0x0000000709c00000| Untracked 
|  37|0x0000000709e00000, 0x0000000709e00000, 0x000000070a000000|  0%| F|  |TAMS 0x0000000709e00000, 0x0000000709e00000| Untracked 
|  38|0x000000070a000000, 0x000000070a000000, 0x000000070a200000|  0%| F|  |TAMS 0x000000070a000000, 0x000000070a000000| Untracked 
|  39|0x000000070a200000, 0x000000070a200000, 0x000000070a400000|  0%| F|  |TAMS 0x000000070a200000, 0x000000070a200000| Untracked 
|  40|0x000000070a400000, 0x000000070a400000, 0x000000070a600000|  0%| F|  |TAMS 0x000000070a400000, 0x000000070a400000| Untracked 
|  41|0x000000070a600000, 0x000000070a600000, 0x000000070a800000|  0%| F|  |TAMS 0x000000070a600000, 0x000000070a600000| Untracked 
|  42|0x000000070a800000, 0x000000070a800000, 0x000000070aa00000|  0%| F|  |TAMS 0x000000070a800000, 0x000000070a800000| Untracked 
|  43|0x000000070aa00000, 0x000000070aa00000, 0x000000070ac00000|  0%| F|  |TAMS 0x000000070aa00000, 0x000000070aa00000| Untracked 
|  44|0x000000070ac00000, 0x000000070ac00000, 0x000000070ae00000|  0%| F|  |TAMS 0x000000070ac00000, 0x000000070ac00000| Untracked 
|  45|0x000000070ae00000, 0x000000070ae00000, 0x000000070b000000|  0%| F|  |TAMS 0x000000070ae00000, 0x000000070ae00000| Untracked 
|  46|0x000000070b000000, 0x000000070b000000, 0x000000070b200000|  0%| F|  |TAMS 0x000000070b000000, 0x000000070b000000| Untracked 
|  47|0x000000070b200000, 0x000000070b200000, 0x000000070b400000|  0%| F|  |TAMS 0x000000070b200000, 0x000000070b200000| Untracked 
|  48|0x000000070b400000, 0x000000070b400000, 0x000000070b600000|  0%| F|  |TAMS 0x000000070b400000, 0x000000070b400000| Untracked 
|  49|0x000000070b600000, 0x000000070b600000, 0x000000070b800000|  0%| F|  |TAMS 0x000000070b600000, 0x000000070b600000| Untracked 
|  50|0x000000070b800000, 0x000000070b800000, 0x000000070ba00000|  0%| F|  |TAMS 0x000000070b800000, 0x000000070b800000| Untracked 
|  51|0x000000070ba00000, 0x000000070ba00000, 0x000000070bc00000|  0%| F|  |TAMS 0x000000070ba00000, 0x000000070ba00000| Untracked 
|  52|0x000000070bc00000, 0x000000070bc00000, 0x000000070be00000|  0%| F|  |TAMS 0x000000070bc00000, 0x000000070bc00000| Untracked 
|  53|0x000000070be00000, 0x000000070be00000, 0x000000070c000000|  0%| F|  |TAMS 0x000000070be00000, 0x000000070be00000| Untracked 
|  54|0x000000070c000000, 0x000000070c000000, 0x000000070c200000|  0%| F|  |TAMS 0x000000070c000000, 0x000000070c000000| Untracked 
|  55|0x000000070c200000, 0x000000070c200000, 0x000000070c400000|  0%| F|  |TAMS 0x000000070c200000, 0x000000070c200000| Untracked 
|  56|0x000000070c400000, 0x000000070c400000, 0x000000070c600000|  0%| F|  |TAMS 0x000000070c400000, 0x000000070c400000| Untracked 
|  57|0x000000070c600000, 0x000000070c600000, 0x000000070c800000|  0%| F|  |TAMS 0x000000070c600000, 0x000000070c600000| Untracked 
|  58|0x000000070c800000, 0x000000070c800000, 0x000000070ca00000|  0%| F|  |TAMS 0x000000070c800000, 0x000000070c800000| Untracked 
|  59|0x000000070ca00000, 0x000000070ca00000, 0x000000070cc00000|  0%| F|  |TAMS 0x000000070ca00000, 0x000000070ca00000| Untracked 
|  60|0x000000070cc00000, 0x000000070cc00000, 0x000000070ce00000|  0%| F|  |TAMS 0x000000070cc00000, 0x000000070cc00000| Untracked 
|  61|0x000000070ce00000, 0x000000070ce00000, 0x000000070d000000|  0%| F|  |TAMS 0x000000070ce00000, 0x000000070ce00000| Untracked 
|  62|0x000000070d000000, 0x000000070d000000, 0x000000070d200000|  0%| F|  |TAMS 0x000000070d000000, 0x000000070d000000| Untracked 
|  63|0x000000070d200000, 0x000000070d200000, 0x000000070d400000|  0%| F|  |TAMS 0x000000070d200000, 0x000000070d200000| Untracked 
|  64|0x000000070d400000, 0x000000070d400000, 0x000000070d600000|  0%| F|  |TAMS 0x000000070d400000, 0x000000070d400000| Untracked 
|  65|0x000000070d600000, 0x000000070d600000, 0x000000070d800000|  0%| F|  |TAMS 0x000000070d600000, 0x000000070d600000| Untracked 
|  66|0x000000070d800000, 0x000000070d800000, 0x000000070da00000|  0%| F|  |TAMS 0x000000070d800000, 0x000000070d800000| Untracked 
|  67|0x000000070da00000, 0x000000070da00000, 0x000000070dc00000|  0%| F|  |TAMS 0x000000070da00000, 0x000000070da00000| Untracked 
|  68|0x000000070dc00000, 0x000000070dc00000, 0x000000070de00000|  0%| F|  |TAMS 0x000000070dc00000, 0x000000070dc00000| Untracked 
|  69|0x000000070de00000, 0x000000070de00000, 0x000000070e000000|  0%| F|  |TAMS 0x000000070de00000, 0x000000070de00000| Untracked 
|  70|0x000000070e000000, 0x000000070e000000, 0x000000070e200000|  0%| F|  |TAMS 0x000000070e000000, 0x000000070e000000| Untracked 
|  71|0x000000070e200000, 0x000000070e200000, 0x000000070e400000|  0%| F|  |TAMS 0x000000070e200000, 0x000000070e200000| Untracked 
|  72|0x000000070e400000, 0x000000070e400000, 0x000000070e600000|  0%| F|  |TAMS 0x000000070e400000, 0x000000070e400000| Untracked 
|  73|0x000000070e600000, 0x000000070e600000, 0x000000070e800000|  0%| F|  |TAMS 0x000000070e600000, 0x000000070e600000| Untracked 
|  74|0x000000070e800000, 0x000000070e800000, 0x000000070ea00000|  0%| F|  |TAMS 0x000000070e800000, 0x000000070e800000| Untracked 
|  75|0x000000070ea00000, 0x000000070ea00000, 0x000000070ec00000|  0%| F|  |TAMS 0x000000070ea00000, 0x000000070ea00000| Untracked 
|  76|0x000000070ec00000, 0x000000070ec00000, 0x000000070ee00000|  0%| F|  |TAMS 0x000000070ec00000, 0x000000070ec00000| Untracked 
|  77|0x000000070ee00000, 0x000000070ee00000, 0x000000070f000000|  0%| F|  |TAMS 0x000000070ee00000, 0x000000070ee00000| Untracked 
|  78|0x000000070f000000, 0x000000070f000000, 0x000000070f200000|  0%| F|  |TAMS 0x000000070f000000, 0x000000070f000000| Untracked 
|  79|0x000000070f200000, 0x000000070f200000, 0x000000070f400000|  0%| F|  |TAMS 0x000000070f200000, 0x000000070f200000| Untracked 
|  80|0x000000070f400000, 0x000000070f400000, 0x000000070f600000|  0%| F|  |TAMS 0x000000070f400000, 0x000000070f400000| Untracked 
|  81|0x000000070f600000, 0x000000070f600000, 0x000000070f800000|  0%| F|  |TAMS 0x000000070f600000, 0x000000070f600000| Untracked 
|  82|0x000000070f800000, 0x000000070f800000, 0x000000070fa00000|  0%| F|  |TAMS 0x000000070f800000, 0x000000070f800000| Untracked 
|  83|0x000000070fa00000, 0x000000070fa00000, 0x000000070fc00000|  0%| F|  |TAMS 0x000000070fa00000, 0x000000070fa00000| Untracked 
|  84|0x000000070fc00000, 0x000000070fc00000, 0x000000070fe00000|  0%| F|  |TAMS 0x000000070fc00000, 0x000000070fc00000| Untracked 
|  85|0x000000070fe00000, 0x000000070fe00000, 0x0000000710000000|  0%| F|  |TAMS 0x000000070fe00000, 0x000000070fe00000| Untracked 
|  86|0x0000000710000000, 0x0000000710000000, 0x0000000710200000|  0%| F|  |TAMS 0x0000000710000000, 0x0000000710000000| Untracked 
|  87|0x0000000710200000, 0x0000000710200000, 0x0000000710400000|  0%| F|  |TAMS 0x0000000710200000, 0x0000000710200000| Untracked 
|  88|0x0000000710400000, 0x0000000710400000, 0x0000000710600000|  0%| F|  |TAMS 0x0000000710400000, 0x0000000710400000| Untracked 
|  89|0x0000000710600000, 0x0000000710600000, 0x0000000710800000|  0%| F|  |TAMS 0x0000000710600000, 0x0000000710600000| Untracked 
|  90|0x0000000710800000, 0x0000000710800000, 0x0000000710a00000|  0%| F|  |TAMS 0x0000000710800000, 0x0000000710800000| Untracked 
|  91|0x0000000710a00000, 0x0000000710a00000, 0x0000000710c00000|  0%| F|  |TAMS 0x0000000710a00000, 0x0000000710a00000| Untracked 
|  92|0x0000000710c00000, 0x0000000710c00000, 0x0000000710e00000|  0%| F|  |TAMS 0x0000000710c00000, 0x0000000710c00000| Untracked 
|  93|0x0000000710e00000, 0x0000000710e00000, 0x0000000711000000|  0%| F|  |TAMS 0x0000000710e00000, 0x0000000710e00000| Untracked 
|  94|0x0000000711000000, 0x0000000711000000, 0x0000000711200000|  0%| F|  |TAMS 0x0000000711000000, 0x0000000711000000| Untracked 
|  95|0x0000000711200000, 0x0000000711200000, 0x0000000711400000|  0%| F|  |TAMS 0x0000000711200000, 0x0000000711200000| Untracked 
|  96|0x0000000711400000, 0x0000000711400000, 0x0000000711600000|  0%| F|  |TAMS 0x0000000711400000, 0x0000000711400000| Untracked 
|  97|0x0000000711600000, 0x0000000711600000, 0x0000000711800000|  0%| F|  |TAMS 0x0000000711600000, 0x0000000711600000| Untracked 
|  98|0x0000000711800000, 0x0000000711800000, 0x0000000711a00000|  0%| F|  |TAMS 0x0000000711800000, 0x0000000711800000| Untracked 
|  99|0x0000000711a00000, 0x0000000711a00000, 0x0000000711c00000|  0%| F|  |TAMS 0x0000000711a00000, 0x0000000711a00000| Untracked 
| 100|0x0000000711c00000, 0x0000000711c00000, 0x0000000711e00000|  0%| F|  |TAMS 0x0000000711c00000, 0x0000000711c00000| Untracked 
| 101|0x0000000711e00000, 0x0000000711e00000, 0x0000000712000000|  0%| F|  |TAMS 0x0000000711e00000, 0x0000000711e00000| Untracked 
| 102|0x0000000712000000, 0x0000000712000000, 0x0000000712200000|  0%| F|  |TAMS 0x0000000712000000, 0x0000000712000000| Untracked 
| 103|0x0000000712200000, 0x0000000712200000, 0x0000000712400000|  0%| F|  |TAMS 0x0000000712200000, 0x0000000712200000| Untracked 
| 104|0x0000000712400000, 0x0000000712400000, 0x0000000712600000|  0%| F|  |TAMS 0x0000000712400000, 0x0000000712400000| Untracked 
| 105|0x0000000712600000, 0x0000000712600000, 0x0000000712800000|  0%| F|  |TAMS 0x0000000712600000, 0x0000000712600000| Untracked 
| 106|0x0000000712800000, 0x0000000712800000, 0x0000000712a00000|  0%| F|  |TAMS 0x0000000712800000, 0x0000000712800000| Untracked 
| 107|0x0000000712a00000, 0x0000000712a00000, 0x0000000712c00000|  0%| F|  |TAMS 0x0000000712a00000, 0x0000000712a00000| Untracked 
| 108|0x0000000712c00000, 0x0000000712c00000, 0x0000000712e00000|  0%| F|  |TAMS 0x0000000712c00000, 0x0000000712c00000| Untracked 
| 109|0x0000000712e00000, 0x0000000712e00000, 0x0000000713000000|  0%| F|  |TAMS 0x0000000712e00000, 0x0000000712e00000| Untracked 
| 110|0x0000000713000000, 0x0000000713000000, 0x0000000713200000|  0%| F|  |TAMS 0x0000000713000000, 0x0000000713000000| Untracked 
| 111|0x0000000713200000, 0x0000000713200000, 0x0000000713400000|  0%| F|  |TAMS 0x0000000713200000, 0x0000000713200000| Untracked 
| 112|0x0000000713400000, 0x0000000713400000, 0x0000000713600000|  0%| F|  |TAMS 0x0000000713400000, 0x0000000713400000| Untracked 
| 113|0x0000000713600000, 0x0000000713600000, 0x0000000713800000|  0%| F|  |TAMS 0x0000000713600000, 0x0000000713600000| Untracked 
| 114|0x0000000713800000, 0x0000000713800000, 0x0000000713a00000|  0%| F|  |TAMS 0x0000000713800000, 0x0000000713800000| Untracked 
| 115|0x0000000713a00000, 0x0000000713a00000, 0x0000000713c00000|  0%| F|  |TAMS 0x0000000713a00000, 0x0000000713a00000| Untracked 
| 116|0x0000000713c00000, 0x0000000713c00000, 0x0000000713e00000|  0%| F|  |TAMS 0x0000000713c00000, 0x0000000713c00000| Untracked 
| 117|0x0000000713e00000, 0x0000000713e00000, 0x0000000714000000|  0%| F|  |TAMS 0x0000000713e00000, 0x0000000713e00000| Untracked 
| 118|0x0000000714000000, 0x00000007140e7218, 0x0000000714200000| 45%| E|  |TAMS 0x0000000714000000, 0x0000000714000000| Complete 
| 119|0x0000000714200000, 0x0000000714400000, 0x0000000714400000|100%| E|CS|TAMS 0x0000000714200000, 0x0000000714200000| Complete 
| 120|0x0000000714400000, 0x0000000714600000, 0x0000000714600000|100%| E|CS|TAMS 0x0000000714400000, 0x0000000714400000| Complete 
| 121|0x0000000714600000, 0x0000000714800000, 0x0000000714800000|100%| E|  |TAMS 0x0000000714600000, 0x0000000714600000| Complete 
| 122|0x0000000714800000, 0x0000000714a00000, 0x0000000714a00000|100%| E|CS|TAMS 0x0000000714800000, 0x0000000714800000| Complete 
| 123|0x0000000714a00000, 0x0000000714c00000, 0x0000000714c00000|100%| E|CS|TAMS 0x0000000714a00000, 0x0000000714a00000| Complete 
| 124|0x0000000714c00000, 0x0000000714e00000, 0x0000000714e00000|100%| E|CS|TAMS 0x0000000714c00000, 0x0000000714c00000| Complete 
| 125|0x0000000714e00000, 0x0000000715000000, 0x0000000715000000|100%| E|CS|TAMS 0x0000000714e00000, 0x0000000714e00000| Complete 

Card table byte_map: [0x000001f319bf0000,0x000001f31a3d0000] _byte_map_base: 0x000001f3163c6000

Marking Bits (Prev, Next): (CMBitMap*) 0x000001f306a9fd40, (CMBitMap*) 0x000001f306a9fd80
 Prev Bits: [0x000001f31abb0000, 0x000001f31ea60000)
 Next Bits: [0x000001f31ea60000, 0x000001f322910000)

Polling page: 0x000001f3049b0000

Metaspace:

Usage:
  Non-class:      6.56 MB used.
      Class:    631.12 KB used.
       Both:      7.18 MB used.

Virtual space:
  Non-class space:        8.00 MB reserved,       6.62 MB ( 83%) committed,  1 nodes.
      Class space:        1.00 GB reserved,     704.00 KB ( <1%) committed,  1 nodes.
             Both:        1.01 GB reserved,       7.31 MB ( <1%) committed. 

Chunk freelists:
   Non-Class:  1008.00 KB
       Class:  3.23 MB
        Both:  4.22 MB

MaxMetaspaceSize: unlimited
CompressedClassSpaceSize: 1.00 GB
Initial GC threshold: 21.00 MB
Current GC threshold: 21.00 MB
CDS: off
MetaspaceReclaimPolicy: balanced
 - commit_granule_bytes: 65536.
 - commit_granule_words: 8192.
 - virtual_space_node_default_size: 1048576.
 - enlarge_chunks_in_place: 1.
 - new_chunks_are_fully_committed: 0.
 - uncommit_free_chunks: 1.
 - use_allocation_guard: 0.
 - handle_deallocations: 1.


Internal statistics:

num_allocs_failed_limit: 0.
num_arena_births: 10.
num_arena_deaths: 0.
num_vsnodes_births: 2.
num_vsnodes_deaths: 0.
num_space_committed: 117.
num_space_uncommitted: 0.
num_chunks_returned_to_freelist: 0.
num_chunks_taken_from_freelist: 42.
num_chunk_merges: 0.
num_chunk_splits: 19.
num_chunks_enlarged: 9.
num_purges: 0.
num_inconsistent_stats: 0.

CodeHeap 'non-profiled nmethods': size=120000Kb used=143Kb max_used=143Kb free=119856Kb
 bounds [0x000001f311bb0000, 0x000001f311e20000, 0x000001f3190e0000]
CodeHeap 'profiled nmethods': size=120000Kb used=745Kb max_used=745Kb free=119254Kb
 bounds [0x000001f30a680000, 0x000001f30a8f0000, 0x000001f311bb0000]
CodeHeap 'non-nmethods': size=5760Kb used=1114Kb max_used=1140Kb free=4645Kb
 bounds [0x000001f30a0e0000, 0x000001f30a350000, 0x000001f30a680000]
 total_blobs=844 nmethods=466 adapters=291
 compilation: enabled
              stopped_count=0, restarted_count=0
 full_count=0

Compilation events (20 events):
Event: 0.346 Thread 0x000001f325c8e960 nmethod 458 0x000001f30a737890 code [0x000001f30a737a20, 0x000001f30a737b98]
Event: 0.346 Thread 0x000001f325c8e960  456       3       java.util.zip.ZipFile$Source$Key::hashCode (46 bytes)
Event: 0.346 Thread 0x000001f325c8d850 nmethod 451% 0x000001f311bd0d10 code [0x000001f311bd0ea0, 0x000001f311bd10f8]
Event: 0.346 Thread 0x000001f325c8e960 nmethod 456 0x000001f30a737c10 code [0x000001f30a737e20, 0x000001f30a738298]
Event: 0.346 Thread 0x000001f325c8d850  454 %     4       java.lang.StringLatin1::lastIndexOf @ 28 (125 bytes)
Event: 0.346 Thread 0x000001f325c8e960  457       3       sun.nio.fs.WindowsFileAttributes::lastModifiedTime (8 bytes)
Event: 0.346 Thread 0x000001f325c8e960 nmethod 457 0x000001f30a738510 code [0x000001f30a7386a0, 0x000001f30a7387e8]
Event: 0.347 Thread 0x000001f325c8d850 nmethod 454% 0x000001f311bd1210 code [0x000001f311bd13a0, 0x000001f311bd1598]
Event: 0.347 Thread 0x000001f325c8e960  459       3       java.util.ImmutableCollections$List12::get (35 bytes)
Event: 0.348 Thread 0x000001f325c8e960 nmethod 459 0x000001f30a738890 code [0x000001f30a738a40, 0x000001f30a738d08]
Event: 0.348 Thread 0x000001f325c8e960  460  s    3       java.util.Hashtable::get (69 bytes)
Event: 0.348 Thread 0x000001f325c8e960 nmethod 460 0x000001f30a738e10 code [0x000001f30a738fe0, 0x000001f30a739538]
Event: 0.349 Thread 0x000001f325c8d850  461       4       java.lang.StringLatin1::replace (198 bytes)
Event: 0.349 Thread 0x000001f325c8e960  462       3       java.util.zip.ZipUtils::LOCSIG (6 bytes)
Event: 0.349 Thread 0x000001f325c8e960 nmethod 462 0x000001f30a739710 code [0x000001f30a7398c0, 0x000001f30a739b98]
Event: 0.349 Thread 0x000001f325c8e960  463       3       java.util.zip.ZipCoder$UTF8ZipCoder::toString (12 bytes)
Event: 0.349 Thread 0x000001f325c8e960 nmethod 463 0x000001f30a739d10 code [0x000001f30a739ec0, 0x000001f30a73a068]
Event: 0.349 Thread 0x000001f325c8e960  464       3       java.lang.System$2::newStringUTF8NoRepl (7 bytes)
Event: 0.349 Thread 0x000001f325c8e960 nmethod 464 0x000001f30a73a190 code [0x000001f30a73a320, 0x000001f30a73a468]
Event: 0.349 Thread 0x000001f325c8e960  465       3       java.net.URL::<init> (438 bytes)

GC Heap History (0 events):
No events

Deoptimization events (14 events):
Event: 0.167 Thread 0x000001f306a354d0 Uncommon trap: trap_request=0xffffff45 fr.pc=0x000001f311bb11f8 relative=0x0000000000000078
Event: 0.167 Thread 0x000001f306a354d0 Uncommon trap: reason=unstable_if action=reinterpret pc=0x000001f311bb11f8 method=java.lang.String.isLatin1()Z @ 10 c2
Event: 0.167 Thread 0x000001f306a354d0 DEOPT PACKING pc=0x000001f311bb11f8 sp=0x000000325ffff220
Event: 0.167 Thread 0x000001f306a354d0 DEOPT UNPACKING pc=0x000001f30a135c23 sp=0x000000325ffff160 mode 2
Event: 0.195 Thread 0x000001f306a354d0 DEOPT PACKING pc=0x000001f30a68a0e7 sp=0x000000325fffa560
Event: 0.195 Thread 0x000001f306a354d0 DEOPT UNPACKING pc=0x000001f30a136763 sp=0x000000325fff9980 mode 0
Event: 0.294 Thread 0x000001f306a354d0 DEOPT PACKING pc=0x000001f30a68d465 sp=0x000000325fffe450
Event: 0.294 Thread 0x000001f306a354d0 DEOPT UNPACKING pc=0x000001f30a136763 sp=0x000000325fffd8c8 mode 0
Event: 0.329 Thread 0x000001f306a354d0 Uncommon trap: trap_request=0xffffff45 fr.pc=0x000001f311bcabe8 relative=0x00000000000001c8
Event: 0.329 Thread 0x000001f306a354d0 Uncommon trap: reason=unstable_if action=reinterpret pc=0x000001f311bcabe8 method=java.lang.String.startsWith(Ljava/lang/String;I)Z @ 1 c2
Event: 0.329 Thread 0x000001f306a354d0 DEOPT PACKING pc=0x000001f311bcabe8 sp=0x000000325fffea00
Event: 0.329 Thread 0x000001f306a354d0 DEOPT UNPACKING pc=0x000001f30a135c23 sp=0x000000325fffe968 mode 2
Event: 0.345 Thread 0x000001f306a354d0 DEOPT PACKING pc=0x000001f30a6d2b94 sp=0x000000325fffee20
Event: 0.345 Thread 0x000001f306a354d0 DEOPT UNPACKING pc=0x000001f30a136763 sp=0x000000325fffe2e0 mode 1

Classes unloaded (0 events):
No events

Classes redefined (0 events):
No events

Internal exceptions (0 events):
No events

VM Operations (4 events):
Event: 0.187 Executing VM operation: HandshakeAllThreads
Event: 0.187 Executing VM operation: HandshakeAllThreads done
Event: 0.345 Executing VM operation: HandshakeAllThreads
Event: 0.345 Executing VM operation: HandshakeAllThreads done

Events (20 events):
Event: 0.328 loading class sun/nio/cs/StreamDecoder
Event: 0.328 loading class sun/nio/cs/StreamDecoder done
Event: 0.329 loading class sun/nio/cs/UTF_8$Decoder
Event: 0.329 loading class sun/nio/cs/UTF_8$Decoder done
Event: 0.329 loading class java/util/Vector
Event: 0.329 loading class java/util/Vector done
Event: 0.329 loading class java/util/LinkedList
Event: 0.329 loading class java/util/AbstractSequentialList
Event: 0.330 loading class java/util/AbstractSequentialList done
Event: 0.330 loading class java/util/LinkedList done
Event: 0.330 loading class java/util/LinkedList$Node
Event: 0.330 loading class java/util/LinkedList$Node done
Event: 0.344 loading class java/util/jar/JarVerifier
Event: 0.344 loading class java/util/jar/JarVerifier done
Event: 0.344 loading class java/security/CodeSigner
Event: 0.344 loading class java/security/CodeSigner done
Event: 0.345 loading class java/io/FileNotFoundException
Event: 0.345 loading class java/io/FileNotFoundException done
Event: 0.345 loading class java/security/PrivilegedActionException
Event: 0.345 loading class java/security/PrivilegedActionException done


Dynamic libraries:
0x00007ff777430000 - 0x00007ff77743e000 	C:\Users\IGS0425\.p2\pool\plugins\org.eclipse.justj.openjdk.hotspot.jre.full.win32.x86_64_17.0.3.v20220515-1416\jre\bin\javaw.exe
0x00007ff851b70000 - 0x00007ff851d68000 	C:\Windows\SYSTEM32\ntdll.dll
0x00007ff84fe80000 - 0x00007ff84ff3f000 	C:\Windows\System32\KERNEL32.DLL
0x00007ff84f270000 - 0x00007ff84f542000 	C:\Windows\System32\KERNELBASE.dll
0x00007ff84f880000 - 0x00007ff84f980000 	C:\Windows\System32\ucrtbase.dll
0x00007ff83f980000 - 0x00007ff83f998000 	C:\Users\IGS0425\.p2\pool\plugins\org.eclipse.justj.openjdk.hotspot.jre.full.win32.x86_64_17.0.3.v20220515-1416\jre\bin\jli.dll
0x00007ff850f80000 - 0x00007ff85111d000 	C:\Windows\System32\USER32.dll
0x00007ff84f600000 - 0x00007ff84f622000 	C:\Windows\System32\win32u.dll
0x00007ff84fbc0000 - 0x00007ff84fbeb000 	C:\Windows\System32\GDI32.dll
0x00007ff84fa20000 - 0x00007ff84fb2f000 	C:\Windows\System32\gdi32full.dll
0x00007ff84f980000 - 0x00007ff84fa1d000 	C:\Windows\System32\msvcp_win.dll
0x00007ff83f9a0000 - 0x00007ff83f9b9000 	C:\Users\IGS0425\.p2\pool\plugins\org.eclipse.justj.openjdk.hotspot.jre.full.win32.x86_64_17.0.3.v20220515-1416\jre\bin\VCRUNTIME140.dll
0x00007ff83d480000 - 0x00007ff83d71a000 	C:\Windows\WinSxS\amd64_microsoft.windows.common-controls_6595b64144ccf1df_6.0.19041.1110_none_60b5254171f9507e\COMCTL32.dll
0x00007ff84fde0000 - 0x00007ff84fe7e000 	C:\Windows\System32\msvcrt.dll
0x00007ff84fda0000 - 0x00007ff84fdd2000 	C:\Windows\System32\IMM32.DLL
0x00007ff848380000 - 0x00007ff84838c000 	C:\Users\IGS0425\.p2\pool\plugins\org.eclipse.justj.openjdk.hotspot.jre.full.win32.x86_64_17.0.3.v20220515-1416\jre\bin\vcruntime140_1.dll
0x00007ff82e380000 - 0x00007ff82e411000 	C:\Users\IGS0425\.p2\pool\plugins\org.eclipse.justj.openjdk.hotspot.jre.full.win32.x86_64_17.0.3.v20220515-1416\jre\bin\msvcp140.dll
0x00007ff81d9d0000 - 0x00007ff81e618000 	C:\Users\IGS0425\.p2\pool\plugins\org.eclipse.justj.openjdk.hotspot.jre.full.win32.x86_64_17.0.3.v20220515-1416\jre\bin\server\jvm.dll
0x00007ff850090000 - 0x00007ff85013e000 	C:\Windows\System32\ADVAPI32.dll
0x00007ff84ff40000 - 0x00007ff84ffdc000 	C:\Windows\System32\sechost.dll
0x00007ff8518a0000 - 0x00007ff8519c5000 	C:\Windows\System32\RPCRT4.dll
0x00007ff850140000 - 0x00007ff850148000 	C:\Windows\System32\PSAPI.DLL
0x00007ff848530000 - 0x00007ff848539000 	C:\Windows\SYSTEM32\WSOCK32.dll
0x00007ff850940000 - 0x00007ff8509ab000 	C:\Windows\System32\WS2_32.dll
0x00007ff828a30000 - 0x00007ff828a57000 	C:\Windows\SYSTEM32\WINMM.dll
0x00007ff844980000 - 0x00007ff84498a000 	C:\Windows\SYSTEM32\VERSION.dll
0x00007ff84da80000 - 0x00007ff84da92000 	C:\Windows\SYSTEM32\kernel.appcore.dll
0x00007ff848520000 - 0x00007ff84852a000 	C:\Users\IGS0425\.p2\pool\plugins\org.eclipse.justj.openjdk.hotspot.jre.full.win32.x86_64_17.0.3.v20220515-1416\jre\bin\jimage.dll
0x00007ff84d0d0000 - 0x00007ff84d2b4000 	C:\Windows\SYSTEM32\DBGHELP.DLL
0x00007ff8363b0000 - 0x00007ff8363dc000 	C:\Windows\SYSTEM32\dbgcore.DLL
0x00007ff84fb30000 - 0x00007ff84fbb2000 	C:\Windows\System32\bcryptPrimitives.dll
0x00007ff846710000 - 0x00007ff846735000 	C:\Users\IGS0425\.p2\pool\plugins\org.eclipse.justj.openjdk.hotspot.jre.full.win32.x86_64_17.0.3.v20220515-1416\jre\bin\java.dll
0x00007ff8484c0000 - 0x00007ff8484d8000 	C:\Users\IGS0425\.p2\pool\plugins\org.eclipse.justj.openjdk.hotspot.jre.full.win32.x86_64_17.0.3.v20220515-1416\jre\bin\zip.dll
0x00007ff851120000 - 0x00007ff851863000 	C:\Windows\System32\SHELL32.dll
0x00007ff84d2d0000 - 0x00007ff84da62000 	C:\Windows\SYSTEM32\windows.storage.dll
0x00007ff850c20000 - 0x00007ff850f74000 	C:\Windows\System32\combase.dll
0x00007ff84eb80000 - 0x00007ff84ebb0000 	C:\Windows\SYSTEM32\Wldp.dll
0x00007ff84ffe0000 - 0x00007ff85008d000 	C:\Windows\System32\SHCORE.dll
0x00007ff8509b0000 - 0x00007ff850a05000 	C:\Windows\System32\shlwapi.dll
0x00007ff84f1b0000 - 0x00007ff84f1cf000 	C:\Windows\SYSTEM32\profapi.dll
0x00007ff844bb0000 - 0x00007ff844bc9000 	C:\Users\IGS0425\.p2\pool\plugins\org.eclipse.justj.openjdk.hotspot.jre.full.win32.x86_64_17.0.3.v20220515-1416\jre\bin\net.dll
0x00007ff847290000 - 0x00007ff84739c000 	C:\Windows\SYSTEM32\WINHTTP.dll
0x00007ff84e960000 - 0x00007ff84e9ca000 	C:\Windows\system32\mswsock.dll
0x00007ff843770000 - 0x00007ff843785000 	C:\Users\IGS0425\.p2\pool\plugins\org.eclipse.justj.openjdk.hotspot.jre.full.win32.x86_64_17.0.3.v20220515-1416\jre\bin\nio.dll

dbghelp: loaded successfully - version: 4.0.5 - missing functions: none
symbol engine: initialized successfully - sym options: 0x614 - pdb path: .;C:\Users\IGS0425\.p2\pool\plugins\org.eclipse.justj.openjdk.hotspot.jre.full.win32.x86_64_17.0.3.v20220515-1416\jre\bin;C:\Windows\SYSTEM32;C:\Windows\WinSxS\amd64_microsoft.windows.common-controls_6595b64144ccf1df_6.0.19041.1110_none_60b5254171f9507e;C:\Users\IGS0425\.p2\pool\plugins\org.eclipse.justj.openjdk.hotspot.jre.full.win32.x86_64_17.0.3.v20220515-1416\jre\bin\server

VM Arguments:
jvm_args: -ea -Dfile.encoding=UTF-8 -XX:+ShowCodeDetailsInExceptionMessages 
java_command: org.testng.remote.RemoteTestNG -serport 52250 -protocol json -d D:\RingPay\RingPay_APIAutomation\modified_RingPay\modified\test-output D:\RingPay\RingPay_APIAutomation\modified_RingPay\modified\RingPay.xml
java_class_path (initial): C:\Users\IGS0425\eclipse\java-2022-06\eclipse\configuration\org.eclipse.osgi\447\0\.cp\lib\testng-remote.jar;D:\RingPay\RingPay_APIAutomation\modified_RingPay\modified\target\test-classes;D:\RingPay\RingPay_APIAutomation\modified_RingPay\modified\target\classes;C:\Users\IGS0425\.m2\repository\io\appium\java-client\7.2.0\java-client-7.2.0.jar;C:\Users\IGS0425\.m2\repository\org\seleniumhq\selenium\selenium-support\3.141.59\selenium-support-3.141.59.jar;C:\Users\IGS0425\.m2\repository\org\seleniumhq\selenium\selenium-api\3.141.59\selenium-api-3.141.59.jar;C:\Users\IGS0425\.m2\repository\com\google\code\gson\gson\2.8.5\gson-2.8.5.jar;C:\Users\IGS0425\.m2\repository\org\apache\httpcomponents\httpclient\4.5.9\httpclient-4.5.9.jar;C:\Users\IGS0425\.m2\repository\cglib\cglib\3.2.12\cglib-3.2.12.jar;C:\Users\IGS0425\.m2\repository\org\ow2\asm\asm\7.1\asm-7.1.jar;C:\Users\IGS0425\.m2\repository\commons-io\commons-io\2.6\commons-io-2.6.jar;C:\Users\IGS0425\.m2\repository\org\springframework\spring-context\5.1.8.RELEASE\spring-context-5.1.8.RELEASE.jar;C:\Users\IGS0425\.m2\repository\org\springframework\spring-aop\5.1.8.RELEASE\spring-aop-5.1.8.RELEASE.jar;C:\Users\IGS0425\.m2\repository\org\springframework\spring-beans\5.1.8.RELEASE\spring-beans-5.1.8.RELEASE.jar;C:\Users\IGS0425\.m2\repository\org\springframework\spring-core\5.1.8.RELEASE\spring-core-5.1.8.RELEASE.jar;C:\Users\IGS0425\.m2\repository\org\springframework\spring-jcl\5.1.8.RELEASE\spring-jcl-5.1.8.RELEASE.jar;C:\Users\IGS0425\.m2\repository\org\springframework\spring-expression\5.1.8.RELEASE\spring-expression-5.1.8.RELEASE.jar;C:\Users\IGS0425\.m2\repository\org\aspectj\aspectjweaver\1.9.4\aspectjweaver-1.9.4.jar;C:\Users\IGS0425\.m2\repository\org\slf4j\slf4j-api\1.7.26\slf4j-api-1.7.26.jar;C:\Users\IGS0425\.m2\repository\org\seleniumhq\selenium\selenium-java\3.141.59\selenium-java-3.141.59.jar;C:\Users\IGS0425\.m2\repository\org\seleniumhq\selenium\selenium-chrome-driver\3.141.59\s
Launcher Type: SUN_STANDARD

[Global flags]
     intx CICompilerCount                          = 4                                         {product} {ergonomic}
     uint ConcGCThreads                            = 2                                         {product} {ergonomic}
     uint G1ConcRefinementThreads                  = 8                                         {product} {ergonomic}
   size_t G1HeapRegionSize                         = 2097152                                   {product} {ergonomic}
    uintx GCDrainStackTargetSize                   = 64                                        {product} {ergonomic}
   size_t InitialHeapSize                          = 264241152                                 {product} {ergonomic}
   size_t MarkStackSize                            = 4194304                                   {product} {ergonomic}
   size_t MaxHeapSize                              = 4206886912                                {product} {ergonomic}
   size_t MaxNewSize                               = 2522873856                                {product} {ergonomic}
   size_t MinHeapDeltaBytes                        = 2097152                                   {product} {ergonomic}
   size_t MinHeapSize                              = 8388608                                   {product} {ergonomic}
    uintx NonNMethodCodeHeapSize                   = 5839372                                {pd product} {ergonomic}
    uintx NonProfiledCodeHeapSize                  = 122909434                              {pd product} {ergonomic}
    uintx ProfiledCodeHeapSize                     = 122909434                              {pd product} {ergonomic}
    uintx ReservedCodeCacheSize                    = 251658240                              {pd product} {ergonomic}
     bool SegmentedCodeCache                       = true                                      {product} {ergonomic}
     bool ShowCodeDetailsInExceptionMessages       = true                                   {manageable} {command line}
   size_t SoftMaxHeapSize                          = 4206886912                             {manageable} {ergonomic}
     bool UseCompressedClassPointers               = true                           {product lp64_product} {ergonomic}
     bool UseCompressedOops                        = true                           {product lp64_product} {ergonomic}
     bool UseG1GC                                  = true                                      {product} {ergonomic}
     bool UseLargePagesIndividualAllocation        = false                                  {pd product} {ergonomic}

Logging:
Log output configuration:
 #0: stdout all=warning uptime,level,tags
 #1: stderr all=off uptime,level,tags

Environment Variables:
JAVA_HOME=C:\Program Files\Java\jdk-18.0.1.1
PATH=C:/Users/IGS0425/.p2/pool/plugins/org.eclipse.justj.openjdk.hotspot.jre.full.win32.x86_64_17.0.3.v20220515-1416/jre/bin/server;C:/Users/IGS0425/.p2/pool/plugins/org.eclipse.justj.openjdk.hotspot.jre.full.win32.x86_64_17.0.3.v20220515-1416/jre/bin;C:\Program Files\Common Files\Oracle\Java\javapath;C:\Windows\system32;C:\Windows;C:\Windows\System32\Wbem;C:\Windows\System32\WindowsPowerShell\v1.0\;C:\Windows\System32\OpenSSH\;C:\Program Files\nodejs\;C:\Program Files\Git\cmd;C:\Users\IGS0425\AppData\Local\Microsoft\WindowsApps;C:\Program Files\JetBrains\IntelliJ IDEA Community Edition 2022.1.3\bin;;C:\Users\IGS0425\AppData\Roaming\npm;C:\Windows\System32;
USERNAME=IGS0425
OS=Windows_NT
PROCESSOR_IDENTIFIER=Intel64 Family 6 Model 140 Stepping 1, GenuineIntel



---------------  S Y S T E M  ---------------

OS:
 Windows 10 , 64 bit Build 19041 (10.0.19041.2251)
OS uptime: 0 days 14:04 hours
Hyper-V role detected

CPU: total 8 (initial active 8) (4 cores per cpu, 2 threads per core) family 6 model 140 stepping 1 microcode 0x9a, cx8, cmov, fxsr, ht, mmx, 3dnowpref, sse, sse2, sse3, ssse3, sse4.1, sse4.2, popcnt, lzcnt, tsc, tscinvbit, avx, avx2, aes, erms, clmul, bmi1, bmi2, adx, avx512f, avx512dq, avx512cd, avx512bw, avx512vl, sha, fma, vzeroupper, avx512_vpopcntdq, avx512_vpclmulqdq, avx512_vaes, avx512_vnni, clflush, clflushopt, clwb, avx512_vbmi2, avx512_vbmi, hv

Memory: 4k page, system-wide physical 16043M (1104M free)
TotalPageFile size 16043M (AvailPageFile size 3M)
current process WorkingSet (physical memory assigned to process): 56M, peak: 56M
current process commit charge ("private bytes"): 344M, peak: 344M

vm_info: OpenJDK 64-Bit Server VM (17.0.3+7) for windows-amd64 JRE (17.0.3+7), built on Apr 19 2022 16:55:35 by "" with MS VC++ 16.7 (VS2019)

END.
